<?xml version="1.0" encoding="UTF-8"?>
<!-- Generated by org.testng.reporters.JUnitXMLReporter -->
<testsuite ignored="0" hostname="Chandan" failures="0" tests="4" name="Surefire test" time="20.041" errors="0" timestamp="2024-05-24T12:30:10 IST">
  <testcase classname="End_To_End_Testing.SwagLabsPropertyFileTest" name="login" time="2.356"/>
  <testcase classname="End_To_End_Testing.SwagLabsPropertyFileTest" name="addToCart" time="2.176"/>
  <testcase classname="End_To_End_Testing.SwagLabsPropertyFileTest" name="order" time="8.424"/>
  <testcase classname="End_To_End_Testing.SwagLabsPropertyFileTest" name="logout" time="4.164"/>
</testsuite> <!-- Surefire test -->
