<?xml version="1.0" encoding="UTF-8"?>
<!-- Generated by org.testng.reporters.JUnitXMLReporter -->
<testsuite ignored="0" hostname="Chandan" failures="0" tests="4" name="Default test" time="22.742" errors="0" timestamp="2024-06-20T17:46:16 IST">
  <testcase classname="End_To_End_Testing.SwagLabsPropertyFileTest" name="login" time="2.464"/>
  <testcase classname="End_To_End_Testing.SwagLabsPropertyFileTest" name="addToCart" time="2.183"/>
  <testcase classname="End_To_End_Testing.SwagLabsPropertyFileTest" name="order" time="8.598"/>
  <testcase classname="End_To_End_Testing.SwagLabsPropertyFileTest" name="logout" time="4.347"/>
</testsuite> <!-- Default test -->
