<?xml version="1.0" encoding="UTF-8"?>
<testng-results ignored="0" total="4" passed="4" failed="0" skipped="0">
  <reporter-output>
    <line>
      <![CDATA[End-To-End Testing is Completed]]>
    </line>
  </reporter-output>
  <suite started-at="2024-06-05T18:04:01 IST" name="End_To_End_Testing.SwagLabsPropertyFileTest" finished-at="2024-06-05T18:04:22 IST" duration-ms="21361">
    <groups>
    </groups>
    <test started-at="2024-06-05T18:04:01 IST" name="Command line test" finished-at="2024-06-05T18:04:22 IST" duration-ms="21361">
      <class name="End_To_End_Testing.SwagLabsPropertyFileTest">
        <test-method is-config="true" signature="FetchData()[pri:0, instance:End_To_End_Testing.SwagLabsPropertyFileTest@568bf312]" started-at="2024-06-05T18:04:01 IST" name="FetchData" finished-at="2024-06-05T18:04:01 IST" duration-ms="7" status="PASS">
          <reporter-output>
          </reporter-output>
        </test-method> <!-- FetchData -->
        <test-method is-config="true" signature="LauchBrowser()[pri:0, instance:End_To_End_Testing.SwagLabsPropertyFileTest@568bf312]" started-at="2024-06-05T18:04:01 IST" name="LauchBrowser" finished-at="2024-06-05T18:04:05 IST" duration-ms="4238" status="PASS">
          <reporter-output>
          </reporter-output>
        </test-method> <!-- LauchBrowser -->
        <test-method signature="login()[pri:1, instance:End_To_End_Testing.SwagLabsPropertyFileTest@568bf312]" started-at="2024-06-05T18:04:05 IST" name="login" finished-at="2024-06-05T18:04:08 IST" duration-ms="2237" status="PASS">
          <reporter-output>
          </reporter-output>
        </test-method> <!-- login -->
        <test-method signature="addToCart()[pri:2, instance:End_To_End_Testing.SwagLabsPropertyFileTest@568bf312]" started-at="2024-06-05T18:04:08 IST" name="addToCart" finished-at="2024-06-05T18:04:10 IST" duration-ms="2132" status="PASS">
          <reporter-output>
          </reporter-output>
        </test-method> <!-- addToCart -->
        <test-method signature="order()[pri:3, instance:End_To_End_Testing.SwagLabsPropertyFileTest@568bf312]" started-at="2024-06-05T18:04:10 IST" name="order" finished-at="2024-06-05T18:04:18 IST" duration-ms="8360" status="PASS">
          <reporter-output>
          </reporter-output>
        </test-method> <!-- order -->
        <test-method signature="logout()[pri:4, instance:End_To_End_Testing.SwagLabsPropertyFileTest@568bf312]" started-at="2024-06-05T18:04:18 IST" name="logout" finished-at="2024-06-05T18:04:22 IST" duration-ms="4141" status="PASS">
          <reporter-output>
            <line>
              <![CDATA[End-To-End Testing is Completed]]>
            </line>
          </reporter-output>
        </test-method> <!-- logout -->
        <test-method is-config="true" signature="closeBrowser()[pri:0, instance:End_To_End_Testing.SwagLabsPropertyFileTest@568bf312]" started-at="2024-06-05T18:04:22 IST" name="closeBrowser" finished-at="2024-06-05T18:04:22 IST" duration-ms="222" status="PASS">
          <reporter-output>
          </reporter-output>
        </test-method> <!-- closeBrowser -->
      </class> <!-- End_To_End_Testing.SwagLabsPropertyFileTest -->
    </test> <!-- Command line test -->
  </suite> <!-- End_To_End_Testing.SwagLabsPropertyFileTest -->
</testng-results>
