<?xml version="1.0" encoding="UTF-8" ?>
<testsuite tests="4" failures="0" name="End_To_End_Testing.SwagLabsPropertyFileTest" time="16.876" errors="0" skipped="0">
  <properties>
[...]
</properties>
  <testcase classname="End_To_End_Testing.SwagLabsPropertyFileTest" name="login" time="2.25"/>
  <testcase classname="End_To_End_Testing.SwagLabsPropertyFileTest" name="addToCart" time="2.124"/>
  <testcase classname="End_To_End_Testing.SwagLabsPropertyFileTest" name="order" time="8.36"/>
  <testcase classname="End_To_End_Testing.SwagLabsPropertyFileTest" name="logout" time="4.142"/>
</testsuite>