<?xml version="1.0" encoding="UTF-8"?>
<!-- Generated by org.testng.reporters.JUnitXMLReporter -->
<testsuite ignored="0" hostname="Chandan" failures="0" tests="4" name="Command line test" time="21.361" errors="0" timestamp="2024-06-05T18:04:22 IST">
  <testcase classname="End_To_End_Testing.SwagLabsPropertyFileTest" name="login" time="2.237"/>
  <testcase classname="End_To_End_Testing.SwagLabsPropertyFileTest" name="addToCart" time="2.132"/>
  <testcase classname="End_To_End_Testing.SwagLabsPropertyFileTest" name="order" time="8.36"/>
  <testcase classname="End_To_End_Testing.SwagLabsPropertyFileTest" name="logout" time="4.141"/>
</testsuite> <!-- Command line test -->
